{"/home/kpspdk/lab5web/backend/src/app.controller.ts": {"path":"/home/kpspdk/lab5web/backend/src/app.controller.ts","statementMap":{"0":{"start":{"line":1,"column":0},"end":{"line":1,"column":49}},"1":{"start":{"line":4,"column":7},"end":{"line":9,"column":null}},"2":{"start":{"line":7,"column":4},"end":{"line":7,"column":75}},"3":{"start":{"line":4,"column":13},"end":{"line":4,"column":26}},"4":{"start":{"line":6,"column":2},"end":{"line":8,"column":null}},"5":{"start":{"line":4,"column":13},"end":{"line":9,"column":null}}},"fnMap":{"0":{"name":"(anonymous_2)","decl":{"start":{"line":6,"column":2},"end":{"line":6,"column":9}},"loc":{"start":{"line":6,"column":9},"end":{"line":8,"column":3}}}},"branchMap":{},"s":{"0":0,"1":0,"2":0,"3":0,"4":0,"5":0},"f":{"0":0},"b":{}}
,"/home/kpspdk/lab5web/backend/src/app.module.ts": {"path":"/home/kpspdk/lab5web/backend/src/app.module.ts","statementMap":{"0":{"start":{"line":1,"column":0},"end":{"line":1,"column":40}},"1":{"start":{"line":2,"column":0},"end":{"line":2,"column":49}},"2":{"start":{"line":3,"column":0},"end":{"line":3,"column":65}},"3":{"start":{"line":4,"column":0},"end":{"line":4,"column":59}},"4":{"start":{"line":5,"column":0},"end":{"line":5,"column":62}},"5":{"start":{"line":6,"column":0},"end":{"line":6,"column":56}},"6":{"start":{"line":7,"column":0},"end":{"line":7,"column":68}},"7":{"start":{"line":8,"column":0},"end":{"line":8,"column":62}},"8":{"start":{"line":9,"column":0},"end":{"line":9,"column":59}},"9":{"start":{"line":10,"column":0},"end":{"line":10,"column":59}},"10":{"start":{"line":11,"column":0},"end":{"line":11,"column":65}},"11":{"start":{"line":18,"column":7},"end":{"line":18,"column":null}},"12":{"start":{"line":18,"column":13},"end":{"line":18,"column":22}},"13":{"start":{"line":18,"column":13},"end":{"line":18,"column":null}}},"fnMap":{},"branchMap":{},"s":{"0":0,"1":0,"2":0,"3":0,"4":0,"5":0,"6":0,"7":0,"8":0,"9":0,"10":0,"11":0,"12":0,"13":0},"f":{},"b":{}}
,"/home/kpspdk/lab5web/backend/src/main.ts": {"path":"/home/kpspdk/lab5web/backend/src/main.ts","statementMap":{"0":{"start":{"line":1,"column":0},"end":{"line":1,"column":43}},"1":{"start":{"line":2,"column":0},"end":{"line":2,"column":41}},"2":{"start":{"line":3,"column":0},"end":{"line":3,"column":48}},"3":{"start":{"line":6,"column":14},"end":{"line":6,"column":49}},"4":{"start":{"line":8,"column":2},"end":{"line":11,"column":5}},"5":{"start":{"line":13,"column":2},"end":{"line":13,"column":43}},"6":{"start":{"line":15,"column":2},"end":{"line":15,"column":25}},"7":{"start":{"line":16,"column":2},"end":{"line":16,"column":65}},"8":{"start":{"line":18,"column":0},"end":{"line":18,"column":12}}},"fnMap":{"0":{"name":"bootstrap","decl":{"start":{"line":5,"column":15},"end":{"line":5,"column":24}},"loc":{"start":{"line":5,"column":24},"end":{"line":17,"column":1}}}},"branchMap":{},"s":{"0":0,"1":0,"2":0,"3":0,"4":0,"5":0,"6":0,"7":0,"8":0},"f":{"0":0},"b":{}}
,"/home/kpspdk/lab5web/backend/src/brokers/brokers.controller.ts": {"path":"/home/kpspdk/lab5web/backend/src/brokers/brokers.controller.ts","statementMap":{"0":{"start":{"line":1,"column":0},"end":{"line":1,"column":81}},"1":{"start":{"line":2,"column":0},"end":{"line":2,"column":59}},"2":{"start":{"line":5,"column":7},"end":{"line":28,"column":null}},"3":{"start":{"line":6,"column":31},"end":{"line":6,"column":47}},"4":{"start":{"line":10,"column":4},"end":{"line":10,"column":47}},"5":{"start":{"line":15,"column":4},"end":{"line":15,"column":49}},"6":{"start":{"line":20,"column":4},"end":{"line":20,"column":57}},"7":{"start":{"line":25,"column":20},"end":{"line":25,"column":56}},"8":{"start":{"line":26,"column":4},"end":{"line":26,"column":23}},"9":{"start":{"line":5,"column":13},"end":{"line":5,"column":30}},"10":{"start":{"line":9,"column":2},"end":{"line":11,"column":null}},"11":{"start":{"line":14,"column":2},"end":{"line":16,"column":null}},"12":{"start":{"line":19,"column":2},"end":{"line":21,"column":null}},"13":{"start":{"line":24,"column":2},"end":{"line":27,"column":null}},"14":{"start":{"line":5,"column":13},"end":{"line":28,"column":null}}},"fnMap":{"0":{"name":"(anonymous_4)","decl":{"start":{"line":6,"column":2},"end":{"line":6,"column":31}},"loc":{"start":{"line":6,"column":61},"end":{"line":6,"column":65}}},"1":{"name":"(anonymous_5)","decl":{"start":{"line":9,"column":2},"end":{"line":9,"column":15}},"loc":{"start":{"line":9,"column":15},"end":{"line":11,"column":3}}},"2":{"name":"(anonymous_6)","decl":{"start":{"line":14,"column":2},"end":{"line":14,"column":11}},"loc":{"start":{"line":14,"column":46},"end":{"line":16,"column":3}}},"3":{"name":"(anonymous_7)","decl":{"start":{"line":19,"column":2},"end":{"line":19,"column":14}},"loc":{"start":{"line":19,"column":72},"end":{"line":21,"column":3}}},"4":{"name":"(anonymous_8)","decl":{"start":{"line":24,"column":2},"end":{"line":24,"column":14}},"loc":{"start":{"line":24,"column":38},"end":{"line":27,"column":3}}}},"branchMap":{},"s":{"0":1,"1":1,"2":1,"3":5,"4":1,"5":1,"6":1,"7":1,"8":1,"9":1,"10":1,"11":1,"12":1,"13":1,"14":1},"f":{"0":5,"1":1,"2":1,"3":1,"4":1},"b":{}}
,"/home/kpspdk/lab5web/backend/src/brokers/brokers.service.ts": {"path":"/home/kpspdk/lab5web/backend/src/brokers/brokers.service.ts","statementMap":{"0":{"start":{"line":1,"column":0},"end":{"line":1,"column":44}},"1":{"start":{"line":2,"column":0},"end":{"line":2,"column":25}},"2":{"start":{"line":3,"column":0},"end":{"line":3,"column":29}},"3":{"start":{"line":12,"column":7},"end":{"line":85,"column":null}},"4":{"start":{"line":13,"column":19},"end":{"line":13,"column":78}},"5":{"start":{"line":16,"column":4},"end":{"line":16,"column":26}},"6":{"start":{"line":20,"column":16},"end":{"line":20,"column":43}},"7":{"start":{"line":21,"column":4},"end":{"line":23,"column":5}},"8":{"start":{"line":22,"column":6},"end":{"line":22,"column":45}},"9":{"start":{"line":24,"column":4},"end":{"line":26,"column":5}},"10":{"start":{"line":25,"column":6},"end":{"line":25,"column":67}},"11":{"start":{"line":30,"column":4},"end":{"line":41,"column":5}},"12":{"start":{"line":31,"column":19},"end":{"line":31,"column":57}},"13":{"start":{"line":32,"column":22},"end":{"line":32,"column":38}},"14":{"start":{"line":34,"column":6},"end":{"line":38,"column":10}},"15":{"start":{"line":34,"column":43},"end":{"line":38,"column":8}},"16":{"start":{"line":40,"column":6},"end":{"line":40,"column":16}},"17":{"start":{"line":45,"column":20},"end":{"line":45,"column":40}},"18":{"start":{"line":46,"column":30},"end":{"line":50,"column":6}},"19":{"start":{"line":51,"column":4},"end":{"line":51,"column":28}},"20":{"start":{"line":52,"column":4},"end":{"line":52,"column":30}},"21":{"start":{"line":53,"column":4},"end":{"line":53,"column":21}},"22":{"start":{"line":57,"column":20},"end":{"line":57,"column":40}},"23":{"start":{"line":58,"column":18},"end":{"line":58,"column":53}},"24":{"start":{"line":58,"column":41},"end":{"line":58,"column":52}},"25":{"start":{"line":59,"column":4},"end":{"line":59,"column":34}},"26":{"start":{"line":59,"column":22},"end":{"line":59,"column":34}},"27":{"start":{"line":61,"column":34},"end":{"line":67,"column":6}},"28":{"start":{"line":68,"column":4},"end":{"line":68,"column":35}},"29":{"start":{"line":69,"column":4},"end":{"line":69,"column":30}},"30":{"start":{"line":70,"column":4},"end":{"line":70,"column":26}},"31":{"start":{"line":74,"column":20},"end":{"line":74,"column":40}},"32":{"start":{"line":75,"column":21},"end":{"line":75,"column":53}},"33":{"start":{"line":75,"column":41},"end":{"line":75,"column":52}},"34":{"start":{"line":76,"column":4},"end":{"line":76,"column":57}},"35":{"start":{"line":76,"column":44},"end":{"line":76,"column":57}},"36":{"start":{"line":78,"column":4},"end":{"line":78,"column":31}},"37":{"start":{"line":79,"column":4},"end":{"line":79,"column":16}},"38":{"start":{"line":83,"column":4},"end":{"line":83,"column":70}},"39":{"start":{"line":12,"column":13},"end":{"line":12,"column":27}},"40":{"start":{"line":12,"column":13},"end":{"line":85,"column":null}}},"fnMap":{"0":{"name":"(anonymous_11)","decl":{"start":{"line":15,"column":2},"end":{"line":15,"column":null}},"loc":{"start":{"line":15,"column":2},"end":{"line":17,"column":3}}},"1":{"name":"(anonymous_12)","decl":{"start":{"line":19,"column":10},"end":{"line":19,"column":24}},"loc":{"start":{"line":19,"column":24},"end":{"line":27,"column":3}}},"2":{"name":"(anonymous_13)","decl":{"start":{"line":29,"column":2},"end":{"line":29,"column":15}},"loc":{"start":{"line":29,"column":15},"end":{"line":42,"column":3}}},"3":{"name":"(anonymous_14)","decl":{"start":{"line":34,"column":25},"end":{"line":34,"column":26}},"loc":{"start":{"line":34,"column":43},"end":{"line":38,"column":8}}},"4":{"name":"(anonymous_15)","decl":{"start":{"line":44,"column":2},"end":{"line":44,"column":11}},"loc":{"start":{"line":44,"column":38},"end":{"line":54,"column":3}}},"5":{"name":"(anonymous_16)","decl":{"start":{"line":56,"column":2},"end":{"line":56,"column":14}},"loc":{"start":{"line":56,"column":51},"end":{"line":71,"column":3}}},"6":{"name":"(anonymous_17)","decl":{"start":{"line":58,"column":36},"end":{"line":58,"column":37}},"loc":{"start":{"line":58,"column":41},"end":{"line":58,"column":52}}},"7":{"name":"(anonymous_18)","decl":{"start":{"line":73,"column":2},"end":{"line":73,"column":14}},"loc":{"start":{"line":73,"column":25},"end":{"line":80,"column":3}}},"8":{"name":"(anonymous_19)","decl":{"start":{"line":75,"column":36},"end":{"line":75,"column":37}},"loc":{"start":{"line":75,"column":41},"end":{"line":75,"column":52}}},"9":{"name":"(anonymous_20)","decl":{"start":{"line":82,"column":10},"end":{"line":82,"column":21}},"loc":{"start":{"line":82,"column":39},"end":{"line":84,"column":3}}}},"branchMap":{"0":{"loc":{"start":{"line":21,"column":4},"end":{"line":23,"column":5}},"type":"if","locations":[{"start":{"line":21,"column":4},"end":{"line":23,"column":5}}]},"1":{"loc":{"start":{"line":24,"column":4},"end":{"line":26,"column":5}},"type":"if","locations":[{"start":{"line":24,"column":4},"end":{"line":26,"column":5}}]},"2":{"loc":{"start":{"line":36,"column":21},"end":{"line":36,"column":84}},"type":"cond-expr","locations":[{"start":{"line":36,"column":62},"end":{"line":36,"column":80}},{"start":{"line":36,"column":83},"end":{"line":36,"column":84}}]},"3":{"loc":{"start":{"line":37,"column":14},"end":{"line":37,"column":31}},"type":"binary-expr","locations":[{"start":{"line":37,"column":14},"end":{"line":37,"column":25}},{"start":{"line":37,"column":29},"end":{"line":37,"column":31}}]},"4":{"loc":{"start":{"line":47,"column":12},"end":{"line":47,"column":29}},"type":"binary-expr","locations":[{"start":{"line":47,"column":12},"end":{"line":47,"column":23}},{"start":{"line":47,"column":27},"end":{"line":47,"column":29}}]},"5":{"loc":{"start":{"line":48,"column":19},"end":{"line":48,"column":82}},"type":"cond-expr","locations":[{"start":{"line":48,"column":60},"end":{"line":48,"column":78}},{"start":{"line":48,"column":81},"end":{"line":48,"column":82}}]},"6":{"loc":{"start":{"line":59,"column":4},"end":{"line":59,"column":34}},"type":"if","locations":[{"start":{"line":59,"column":4},"end":{"line":59,"column":34}}]},"7":{"loc":{"start":{"line":63,"column":10},"end":{"line":63,"column":62}},"type":"binary-expr","locations":[{"start":{"line":63,"column":10},"end":{"line":63,"column":36}},{"start":{"line":63,"column":40},"end":{"line":63,"column":62}}]},"8":{"loc":{"start":{"line":64,"column":10},"end":{"line":66,"column":8}},"type":"binary-expr","locations":[{"start":{"line":64,"column":10},"end":{"line":64,"column":43}},{"start":{"line":64,"column":47},"end":{"line":66,"column":8}}]},"9":{"loc":{"start":{"line":65,"column":21},"end":{"line":65,"column":111}},"type":"cond-expr","locations":[{"start":{"line":65,"column":63},"end":{"line":65,"column":82}},{"start":{"line":65,"column":85},"end":{"line":65,"column":111}}]},"10":{"loc":{"start":{"line":76,"column":4},"end":{"line":76,"column":57}},"type":"if","locations":[{"start":{"line":76,"column":4},"end":{"line":76,"column":57}}]}},"s":{"0":2,"1":2,"2":2,"3":2,"4":10,"5":10,"6":20,"7":20,"8":0,"9":20,"10":10,"11":14,"12":14,"13":14,"14":14,"15":5,"16":0,"17":7,"18":7,"19":7,"20":7,"21":7,"22":2,"23":2,"24":1,"25":2,"26":1,"27":1,"28":1,"29":1,"30":1,"31":2,"32":2,"33":1,"34":2,"35":1,"36":1,"37":1,"38":9,"39":2,"40":2},"f":{"0":10,"1":20,"2":14,"3":5,"4":7,"5":2,"6":1,"7":2,"8":1,"9":9},"b":{"0":[0],"1":[10],"2":[5,0],"3":[5,0],"4":[7,1],"5":[6,1],"6":[1],"7":[1,1],"8":[1,1],"9":[1,0],"10":[1]}}
,"/home/kpspdk/lab5web/backend/src/exchange/exchange.controller.ts": {"path":"/home/kpspdk/lab5web/backend/src/exchange/exchange.controller.ts","statementMap":{"0":{"start":{"line":1,"column":0},"end":{"line":1,"column":60}},"1":{"start":{"line":2,"column":0},"end":{"line":2,"column":71}},"2":{"start":{"line":5,"column":7},"end":{"line":17,"column":null}},"3":{"start":{"line":6,"column":31},"end":{"line":6,"column":48}},"4":{"start":{"line":10,"column":4},"end":{"line":10,"column":46}},"5":{"start":{"line":15,"column":4},"end":{"line":15,"column":57}},"6":{"start":{"line":5,"column":13},"end":{"line":5,"column":31}},"7":{"start":{"line":9,"column":2},"end":{"line":11,"column":null}},"8":{"start":{"line":14,"column":2},"end":{"line":16,"column":null}},"9":{"start":{"line":5,"column":13},"end":{"line":17,"column":null}}},"fnMap":{"0":{"name":"(anonymous_4)","decl":{"start":{"line":6,"column":2},"end":{"line":6,"column":31}},"loc":{"start":{"line":6,"column":63},"end":{"line":6,"column":67}}},"1":{"name":"(anonymous_5)","decl":{"start":{"line":9,"column":2},"end":{"line":9,"column":13}},"loc":{"start":{"line":9,"column":13},"end":{"line":11,"column":3}}},"2":{"name":"(anonymous_6)","decl":{"start":{"line":14,"column":2},"end":{"line":14,"column":16}},"loc":{"start":{"line":14,"column":60},"end":{"line":16,"column":3}}}},"branchMap":{},"s":{"0":0,"1":0,"2":0,"3":0,"4":0,"5":0,"6":0,"7":0,"8":0,"9":0},"f":{"0":0,"1":0,"2":0},"b":{}}
,"/home/kpspdk/lab5web/backend/src/exchange/exchange.service.ts": {"path":"/home/kpspdk/lab5web/backend/src/exchange/exchange.service.ts","statementMap":{"0":{"start":{"line":1,"column":0},"end":{"line":1,"column":44}},"1":{"start":{"line":2,"column":0},"end":{"line":2,"column":25}},"2":{"start":{"line":3,"column":0},"end":{"line":3,"column":29}},"3":{"start":{"line":13,"column":7},"end":{"line":58,"column":null}},"4":{"start":{"line":14,"column":19},"end":{"line":14,"column":79}},"5":{"start":{"line":17,"column":4},"end":{"line":17,"column":26}},"6":{"start":{"line":21,"column":16},"end":{"line":21,"column":43}},"7":{"start":{"line":22,"column":4},"end":{"line":24,"column":5}},"8":{"start":{"line":23,"column":6},"end":{"line":23,"column":45}},"9":{"start":{"line":25,"column":4},"end":{"line":32,"column":5}},"10":{"start":{"line":26,"column":48},"end":{"line":30,"column":8}},"11":{"start":{"line":31,"column":6},"end":{"line":31,"column":80}},"12":{"start":{"line":36,"column":4},"end":{"line":45,"column":5}},"13":{"start":{"line":37,"column":19},"end":{"line":37,"column":57}},"14":{"start":{"line":38,"column":6},"end":{"line":38,"column":30}},"15":{"start":{"line":40,"column":6},"end":{"line":44,"column":8}},"16":{"start":{"line":49,"column":20},"end":{"line":49,"column":38}},"17":{"start":{"line":50,"column":20},"end":{"line":50,"column":47}},"18":{"start":{"line":51,"column":4},"end":{"line":51,"column":31}},"19":{"start":{"line":52,"column":4},"end":{"line":52,"column":19}},"20":{"start":{"line":56,"column":4},"end":{"line":56,"column":71}},"21":{"start":{"line":13,"column":13},"end":{"line":13,"column":28}},"22":{"start":{"line":13,"column":13},"end":{"line":58,"column":null}}},"fnMap":{"0":{"name":"(anonymous_11)","decl":{"start":{"line":16,"column":2},"end":{"line":16,"column":null}},"loc":{"start":{"line":16,"column":2},"end":{"line":18,"column":3}}},"1":{"name":"(anonymous_12)","decl":{"start":{"line":20,"column":10},"end":{"line":20,"column":24}},"loc":{"start":{"line":20,"column":24},"end":{"line":33,"column":3}}},"2":{"name":"(anonymous_13)","decl":{"start":{"line":35,"column":2},"end":{"line":35,"column":13}},"loc":{"start":{"line":35,"column":13},"end":{"line":46,"column":3}}},"3":{"name":"(anonymous_14)","decl":{"start":{"line":48,"column":2},"end":{"line":48,"column":16}},"loc":{"start":{"line":48,"column":52},"end":{"line":53,"column":3}}},"4":{"name":"(anonymous_15)","decl":{"start":{"line":55,"column":10},"end":{"line":55,"column":22}},"loc":{"start":{"line":55,"column":49},"end":{"line":57,"column":3}}}},"branchMap":{"0":{"loc":{"start":{"line":22,"column":4},"end":{"line":24,"column":5}},"type":"if","locations":[{"start":{"line":22,"column":4},"end":{"line":24,"column":5}}]},"1":{"loc":{"start":{"line":25,"column":4},"end":{"line":32,"column":5}},"type":"if","locations":[{"start":{"line":25,"column":4},"end":{"line":32,"column":5}}]}},"s":{"0":1,"1":1,"2":1,"3":1,"4":4,"5":4,"6":8,"7":8,"8":0,"9":8,"10":4,"11":4,"12":4,"13":4,"14":4,"15":0,"16":3,"17":3,"18":3,"19":3,"20":3,"21":1,"22":1},"f":{"0":4,"1":8,"2":4,"3":3,"4":3},"b":{"0":[0],"1":[4]}}
,"/home/kpspdk/lab5web/backend/src/stocks/stocks.controller.ts": {"path":"/home/kpspdk/lab5web/backend/src/stocks/stocks.controller.ts","statementMap":{"0":{"start":{"line":1,"column":0},"end":{"line":1,"column":67}},"1":{"start":{"line":2,"column":0},"end":{"line":2,"column":68}},"2":{"start":{"line":5,"column":7},"end":{"line":27,"column":null}},"3":{"start":{"line":6,"column":31},"end":{"line":6,"column":46}},"4":{"start":{"line":10,"column":4},"end":{"line":10,"column":45}},"5":{"start":{"line":15,"column":4},"end":{"line":15,"column":55}},"6":{"start":{"line":20,"column":4},"end":{"line":20,"column":59}},"7":{"start":{"line":25,"column":4},"end":{"line":25,"column":75}},"8":{"start":{"line":5,"column":13},"end":{"line":5,"column":29}},"9":{"start":{"line":9,"column":2},"end":{"line":11,"column":null}},"10":{"start":{"line":14,"column":2},"end":{"line":16,"column":null}},"11":{"start":{"line":19,"column":2},"end":{"line":21,"column":null}},"12":{"start":{"line":24,"column":2},"end":{"line":26,"column":null}},"13":{"start":{"line":5,"column":13},"end":{"line":27,"column":null}}},"fnMap":{"0":{"name":"(anonymous_4)","decl":{"start":{"line":6,"column":2},"end":{"line":6,"column":31}},"loc":{"start":{"line":6,"column":59},"end":{"line":6,"column":63}}},"1":{"name":"(anonymous_5)","decl":{"start":{"line":9,"column":2},"end":{"line":9,"column":14}},"loc":{"start":{"line":9,"column":14},"end":{"line":11,"column":3}}},"2":{"name":"(anonymous_6)","decl":{"start":{"line":14,"column":2},"end":{"line":14,"column":18}},"loc":{"start":{"line":14,"column":50},"end":{"line":16,"column":3}}},"3":{"name":"(anonymous_7)","decl":{"start":{"line":19,"column":2},"end":{"line":19,"column":13}},"loc":{"start":{"line":19,"column":78},"end":{"line":21,"column":3}}},"4":{"name":"(anonymous_8)","decl":{"start":{"line":24,"column":2},"end":{"line":24,"column":22}},"loc":{"start":{"line":24,"column":92},"end":{"line":26,"column":3}}}},"branchMap":{},"s":{"0":0,"1":0,"2":0,"3":0,"4":0,"5":0,"6":0,"7":0,"8":0,"9":0,"10":0,"11":0,"12":0,"13":0},"f":{"0":0,"1":0,"2":0,"3":0,"4":0},"b":{}}
,"/home/kpspdk/lab5web/backend/src/stocks/stocks.service.ts": {"path":"/home/kpspdk/lab5web/backend/src/stocks/stocks.service.ts","statementMap":{"0":{"start":{"line":1,"column":0},"end":{"line":1,"column":44}},"1":{"start":{"line":2,"column":0},"end":{"line":2,"column":25}},"2":{"start":{"line":3,"column":0},"end":{"line":3,"column":29}},"3":{"start":{"line":18,"column":7},"end":{"line":103,"column":null}},"4":{"start":{"line":19,"column":19},"end":{"line":19,"column":77}},"5":{"start":{"line":20,"column":19},"end":{"line":29,"column":4}},"6":{"start":{"line":32,"column":4},"end":{"line":32,"column":26}},"7":{"start":{"line":36,"column":16},"end":{"line":36,"column":43}},"8":{"start":{"line":37,"column":4},"end":{"line":39,"column":5}},"9":{"start":{"line":38,"column":6},"end":{"line":38,"column":45}},"10":{"start":{"line":40,"column":4},"end":{"line":46,"column":5}},"11":{"start":{"line":41,"column":37},"end":{"line":44,"column":9}},"12":{"start":{"line":41,"column":70},"end":{"line":44,"column":8}},"13":{"start":{"line":45,"column":6},"end":{"line":45,"column":78}},"14":{"start":{"line":50,"column":31},"end":{"line":50,"column":33}},"15":{"start":{"line":51,"column":22},"end":{"line":51,"column":32}},"16":{"start":{"line":52,"column":4},"end":{"line":52,"column":55}},"17":{"start":{"line":54,"column":4},"end":{"line":62,"column":5}},"18":{"start":{"line":54,"column":17},"end":{"line":54,"column":18}},"19":{"start":{"line":55,"column":19},"end":{"line":55,"column":38}},"20":{"start":{"line":56,"column":6},"end":{"line":56,"column":39}},"21":{"start":{"line":57,"column":20},"end":{"line":57,"column":57}},"22":{"start":{"line":58,"column":6},"end":{"line":61,"column":9}},"23":{"start":{"line":63,"column":4},"end":{"line":63,"column":26}},"24":{"start":{"line":67,"column":4},"end":{"line":72,"column":5}},"25":{"start":{"line":68,"column":19},"end":{"line":68,"column":57}},"26":{"start":{"line":69,"column":6},"end":{"line":69,"column":30}},"27":{"start":{"line":71,"column":6},"end":{"line":71,"column":16}},"28":{"start":{"line":76,"column":19},"end":{"line":76,"column":38}},"29":{"start":{"line":77,"column":4},"end":{"line":77,"column":57}},"30":{"start":{"line":77,"column":28},"end":{"line":77,"column":47}},"31":{"start":{"line":81,"column":19},"end":{"line":81,"column":38}},"32":{"start":{"line":82,"column":18},"end":{"line":82,"column":60}},"33":{"start":{"line":82,"column":40},"end":{"line":82,"column":59}},"34":{"start":{"line":83,"column":4},"end":{"line":83,"column":34}},"35":{"start":{"line":83,"column":22},"end":{"line":83,"column":34}},"36":{"start":{"line":85,"column":4},"end":{"line":85,"column":53}},"37":{"start":{"line":86,"column":4},"end":{"line":86,"column":28}},"38":{"start":{"line":87,"column":4},"end":{"line":87,"column":25}},"39":{"start":{"line":91,"column":19},"end":{"line":91,"column":38}},"40":{"start":{"line":92,"column":18},"end":{"line":92,"column":60}},"41":{"start":{"line":92,"column":40},"end":{"line":92,"column":59}},"42":{"start":{"line":93,"column":4},"end":{"line":93,"column":34}},"43":{"start":{"line":93,"column":22},"end":{"line":93,"column":34}},"44":{"start":{"line":95,"column":4},"end":{"line":95,"column":50}},"45":{"start":{"line":96,"column":4},"end":{"line":96,"column":28}},"46":{"start":{"line":97,"column":4},"end":{"line":97,"column":25}},"47":{"start":{"line":101,"column":4},"end":{"line":101,"column":69}},"48":{"start":{"line":18,"column":13},"end":{"line":18,"column":26}},"49":{"start":{"line":18,"column":13},"end":{"line":103,"column":null}}},"fnMap":{"0":{"name":"(anonymous_11)","decl":{"start":{"line":31,"column":2},"end":{"line":31,"column":null}},"loc":{"start":{"line":31,"column":2},"end":{"line":33,"column":3}}},"1":{"name":"(anonymous_12)","decl":{"start":{"line":35,"column":10},"end":{"line":35,"column":24}},"loc":{"start":{"line":35,"column":24},"end":{"line":47,"column":3}}},"2":{"name":"(anonymous_13)","decl":{"start":{"line":41,"column":60},"end":{"line":41,"column":65}},"loc":{"start":{"line":41,"column":70},"end":{"line":44,"column":8}}},"3":{"name":"(anonymous_14)","decl":{"start":{"line":49,"column":10},"end":{"line":49,"column":28}},"loc":{"start":{"line":49,"column":28},"end":{"line":64,"column":3}}},"4":{"name":"(anonymous_15)","decl":{"start":{"line":66,"column":2},"end":{"line":66,"column":14}},"loc":{"start":{"line":66,"column":14},"end":{"line":73,"column":3}}},"5":{"name":"(anonymous_16)","decl":{"start":{"line":75,"column":2},"end":{"line":75,"column":18}},"loc":{"start":{"line":75,"column":33},"end":{"line":78,"column":3}}},"6":{"name":"(anonymous_17)","decl":{"start":{"line":77,"column":23},"end":{"line":77,"column":24}},"loc":{"start":{"line":77,"column":28},"end":{"line":77,"column":47}}},"7":{"name":"(anonymous_18)","decl":{"start":{"line":80,"column":2},"end":{"line":80,"column":13}},"loc":{"start":{"line":80,"column":53},"end":{"line":88,"column":3}}},"8":{"name":"(anonymous_19)","decl":{"start":{"line":82,"column":35},"end":{"line":82,"column":36}},"loc":{"start":{"line":82,"column":40},"end":{"line":82,"column":59}}},"9":{"name":"(anonymous_20)","decl":{"start":{"line":90,"column":2},"end":{"line":90,"column":22}},"loc":{"start":{"line":90,"column":67},"end":{"line":98,"column":3}}},"10":{"name":"(anonymous_21)","decl":{"start":{"line":92,"column":35},"end":{"line":92,"column":36}},"loc":{"start":{"line":92,"column":40},"end":{"line":92,"column":59}}},"11":{"name":"(anonymous_22)","decl":{"start":{"line":100,"column":10},"end":{"line":100,"column":20}},"loc":{"start":{"line":100,"column":36},"end":{"line":102,"column":3}}}},"branchMap":{"0":{"loc":{"start":{"line":37,"column":4},"end":{"line":39,"column":5}},"type":"if","locations":[{"start":{"line":37,"column":4},"end":{"line":39,"column":5}}]},"1":{"loc":{"start":{"line":40,"column":4},"end":{"line":46,"column":5}},"type":"if","locations":[{"start":{"line":40,"column":4},"end":{"line":46,"column":5}}]},"2":{"loc":{"start":{"line":77,"column":11},"end":{"line":77,"column":56}},"type":"binary-expr","locations":[{"start":{"line":77,"column":11},"end":{"line":77,"column":48}},{"start":{"line":77,"column":52},"end":{"line":77,"column":56}}]},"3":{"loc":{"start":{"line":83,"column":4},"end":{"line":83,"column":34}},"type":"if","locations":[{"start":{"line":83,"column":4},"end":{"line":83,"column":34}}]},"4":{"loc":{"start":{"line":93,"column":4},"end":{"line":93,"column":34}},"type":"if","locations":[{"start":{"line":93,"column":4},"end":{"line":93,"column":34}}]}},"s":{"0":1,"1":1,"2":1,"3":1,"4":6,"5":6,"6":6,"7":12,"8":12,"9":0,"10":12,"11":6,"12":48,"13":6,"14":48,"15":48,"16":48,"17":48,"18":48,"19":35040,"20":35040,"21":35040,"22":35040,"23":48,"24":6,"25":6,"26":6,"27":0,"28":2,"29":2,"30":16,"31":2,"32":2,"33":9,"34":2,"35":1,"36":1,"37":1,"38":1,"39":0,"40":0,"41":0,"42":0,"43":0,"44":0,"45":0,"46":0,"47":1,"48":1,"49":1},"f":{"0":6,"1":12,"2":48,"3":48,"4":6,"5":2,"6":16,"7":2,"8":9,"9":0,"10":0,"11":1},"b":{"0":[0],"1":[6],"2":[2,2],"3":[1],"4":[0]}}
,"/home/kpspdk/lab5web/backend/src/trading/trading.controller.ts": {"path":"/home/kpspdk/lab5web/backend/src/trading/trading.controller.ts","statementMap":{"0":{"start":{"line":1,"column":0},"end":{"line":1,"column":63}},"1":{"start":{"line":2,"column":0},"end":{"line":2,"column":51}},"2":{"start":{"line":5,"column":7},"end":{"line":24,"column":null}},"3":{"start":{"line":6,"column":31},"end":{"line":6,"column":47}},"4":{"start":{"line":10,"column":4},"end":{"line":10,"column":39}},"5":{"start":{"line":11,"column":4},"end":{"line":11,"column":29}},"6":{"start":{"line":16,"column":4},"end":{"line":16,"column":38}},"7":{"start":{"line":17,"column":4},"end":{"line":17,"column":29}},"8":{"start":{"line":22,"column":4},"end":{"line":22,"column":65}},"9":{"start":{"line":5,"column":13},"end":{"line":5,"column":30}},"10":{"start":{"line":9,"column":2},"end":{"line":12,"column":null}},"11":{"start":{"line":15,"column":2},"end":{"line":18,"column":null}},"12":{"start":{"line":21,"column":2},"end":{"line":23,"column":null}},"13":{"start":{"line":5,"column":13},"end":{"line":24,"column":null}}},"fnMap":{"0":{"name":"(anonymous_2)","decl":{"start":{"line":6,"column":2},"end":{"line":6,"column":31}},"loc":{"start":{"line":6,"column":61},"end":{"line":6,"column":65}}},"1":{"name":"(anonymous_3)","decl":{"start":{"line":9,"column":2},"end":{"line":9,"column":14}},"loc":{"start":{"line":9,"column":14},"end":{"line":12,"column":3}}},"2":{"name":"(anonymous_4)","decl":{"start":{"line":15,"column":2},"end":{"line":15,"column":13}},"loc":{"start":{"line":15,"column":13},"end":{"line":18,"column":3}}},"3":{"name":"(anonymous_5)","decl":{"start":{"line":21,"column":2},"end":{"line":21,"column":11}},"loc":{"start":{"line":21,"column":11},"end":{"line":23,"column":3}}}},"branchMap":{},"s":{"0":0,"1":0,"2":0,"3":0,"4":0,"5":0,"6":0,"7":0,"8":0,"9":0,"10":0,"11":0,"12":0,"13":0},"f":{"0":0,"1":0,"2":0,"3":0},"b":{}}
,"/home/kpspdk/lab5web/backend/src/trading/trading.gateway.ts": {"path":"/home/kpspdk/lab5web/backend/src/trading/trading.gateway.ts","statementMap":{"0":{"start":{"line":1,"column":0},"end":{"line":1,"column":null}},"1":{"start":{"line":7,"column":0},"end":{"line":7,"column":43}},"2":{"start":{"line":8,"column":0},"end":{"line":8,"column":51}},"3":{"start":{"line":16,"column":7},"end":{"line":43,"column":null}},"4":{"start":{"line":20,"column":31},"end":{"line":20,"column":47}},"5":{"start":{"line":23,"column":4},"end":{"line":23,"column":50}},"6":{"start":{"line":27,"column":4},"end":{"line":27,"column":53}},"7":{"start":{"line":31,"column":4},"end":{"line":33,"column":7}},"8":{"start":{"line":32,"column":6},"end":{"line":32,"column":49}},"9":{"start":{"line":37,"column":4},"end":{"line":37,"column":38}},"10":{"start":{"line":41,"column":4},"end":{"line":41,"column":43}},"11":{"start":{"line":16,"column":13},"end":{"line":16,"column":27}},"12":{"start":{"line":18,"column":2},"end":{"line":18,"column":null}},"13":{"start":{"line":16,"column":13},"end":{"line":43,"column":null}}},"fnMap":{"0":{"name":"(anonymous_2)","decl":{"start":{"line":20,"column":2},"end":{"line":20,"column":31}},"loc":{"start":{"line":20,"column":61},"end":{"line":20,"column":65}}},"1":{"name":"(anonymous_3)","decl":{"start":{"line":22,"column":2},"end":{"line":22,"column":18}},"loc":{"start":{"line":22,"column":33},"end":{"line":24,"column":3}}},"2":{"name":"(anonymous_4)","decl":{"start":{"line":26,"column":2},"end":{"line":26,"column":18}},"loc":{"start":{"line":26,"column":33},"end":{"line":28,"column":3}}},"3":{"name":"(anonymous_5)","decl":{"start":{"line":30,"column":2},"end":{"line":30,"column":14}},"loc":{"start":{"line":30,"column":14},"end":{"line":34,"column":3}}},"4":{"name":"(anonymous_6)","decl":{"start":{"line":31,"column":37},"end":{"line":31,"column":38}},"loc":{"start":{"line":31,"column":48},"end":{"line":33,"column":5}}},"5":{"name":"(anonymous_7)","decl":{"start":{"line":36,"column":2},"end":{"line":36,"column":13}},"loc":{"start":{"line":36,"column":13},"end":{"line":38,"column":3}}},"6":{"name":"(anonymous_8)","decl":{"start":{"line":40,"column":2},"end":{"line":40,"column":18}},"loc":{"start":{"line":40,"column":18},"end":{"line":42,"column":3}}}},"branchMap":{},"s":{"0":0,"1":0,"2":0,"3":0,"4":0,"5":0,"6":0,"7":0,"8":0,"9":0,"10":0,"11":0,"12":0,"13":0},"f":{"0":0,"1":0,"2":0,"3":0,"4":0,"5":0,"6":0},"b":{}}
,"/home/kpspdk/lab5web/backend/src/trading/trading.service.ts": {"path":"/home/kpspdk/lab5web/backend/src/trading/trading.service.ts","statementMap":{"0":{"start":{"line":1,"column":0},"end":{"line":1,"column":44}},"1":{"start":{"line":2,"column":0},"end":{"line":2,"column":57}},"2":{"start":{"line":3,"column":0},"end":{"line":3,"column":63}},"3":{"start":{"line":11,"column":7},"end":{"line":104,"column":null}},"4":{"start":{"line":17,"column":21},"end":{"line":17,"column":36}},"5":{"start":{"line":18,"column":21},"end":{"line":18,"column":38}},"6":{"start":{"line":12,"column":10},"end":{"line":12,"column":56}},"7":{"start":{"line":13,"column":10},"end":{"line":13,"column":39}},"8":{"start":{"line":14,"column":10},"end":{"line":14,"column":34}},"9":{"start":{"line":22,"column":21},"end":{"line":22,"column":55}},"10":{"start":{"line":23,"column":19},"end":{"line":23,"column":76}},"11":{"start":{"line":23,"column":65},"end":{"line":23,"column":75}},"12":{"start":{"line":25,"column":4},"end":{"line":27,"column":5}},"13":{"start":{"line":26,"column":6},"end":{"line":26,"column":51}},"14":{"start":{"line":30,"column":20},"end":{"line":30,"column":37}},"15":{"start":{"line":31,"column":4},"end":{"line":35,"column":7}},"16":{"start":{"line":32,"column":6},"end":{"line":34,"column":9}},"17":{"start":{"line":33,"column":8},"end":{"line":33,"column":31}},"18":{"start":{"line":37,"column":4},"end":{"line":41,"column":7}},"19":{"start":{"line":38,"column":20},"end":{"line":38,"column":37}},"20":{"start":{"line":39,"column":20},"end":{"line":39,"column":37}},"21":{"start":{"line":40,"column":6},"end":{"line":40,"column":47}},"22":{"start":{"line":44,"column":22},"end":{"line":44,"column":56}},"23":{"start":{"line":45,"column":4},"end":{"line":48,"column":7}},"24":{"start":{"line":46,"column":16},"end":{"line":46,"column":36}},"25":{"start":{"line":47,"column":6},"end":{"line":47,"column":28}},"26":{"start":{"line":50,"column":4},"end":{"line":52,"column":5}},"27":{"start":{"line":51,"column":6},"end":{"line":51,"column":32}},"28":{"start":{"line":54,"column":4},"end":{"line":54,"column":61}},"29":{"start":{"line":55,"column":4},"end":{"line":55,"column":30}},"30":{"start":{"line":57,"column":4},"end":{"line":64,"column":40}},"31":{"start":{"line":58,"column":6},"end":{"line":58,"column":30}},"32":{"start":{"line":59,"column":6},"end":{"line":62,"column":7}},"33":{"start":{"line":60,"column":8},"end":{"line":60,"column":27}},"34":{"start":{"line":61,"column":8},"end":{"line":61,"column":15}},"35":{"start":{"line":63,"column":6},"end":{"line":63,"column":32}},"36":{"start":{"line":68,"column":4},"end":{"line":71,"column":5}},"37":{"start":{"line":69,"column":6},"end":{"line":69,"column":42}},"38":{"start":{"line":70,"column":6},"end":{"line":70,"column":34}},"39":{"start":{"line":72,"column":4},"end":{"line":72,"column":62}},"40":{"start":{"line":76,"column":4},"end":{"line":78,"column":5}},"41":{"start":{"line":77,"column":6},"end":{"line":77,"column":13}},"42":{"start":{"line":80,"column":24},"end":{"line":80,"column":60}},"43":{"start":{"line":81,"column":19},"end":{"line":81,"column":76}},"44":{"start":{"line":81,"column":65},"end":{"line":81,"column":75}},"45":{"start":{"line":82,"column":49},"end":{"line":82,"column":51}},"46":{"start":{"line":84,"column":4},"end":{"line":90,"column":7}},"47":{"start":{"line":85,"column":24},"end":{"line":85,"column":78}},"48":{"start":{"line":85,"column":55},"end":{"line":85,"column":77}},"49":{"start":{"line":86,"column":6},"end":{"line":89,"column":7}},"50":{"start":{"line":87,"column":22},"end":{"line":87,"column":65}},"51":{"start":{"line":88,"column":8},"end":{"line":88,"column":37}},"52":{"start":{"line":92,"column":4},"end":{"line":92,"column":57}},"53":{"start":{"line":93,"column":4},"end":{"line":93,"column":38}},"54":{"start":{"line":97,"column":31},"end":{"line":97,"column":61}},"55":{"start":{"line":98,"column":4},"end":{"line":98,"column":42}},"56":{"start":{"line":102,"column":4},"end":{"line":102,"column":56}},"57":{"start":{"line":11,"column":13},"end":{"line":11,"column":27}},"58":{"start":{"line":11,"column":13},"end":{"line":104,"column":null}}},"fnMap":{"0":{"name":"(anonymous_2)","decl":{"start":{"line":16,"column":2},"end":{"line":16,"column":null}},"loc":{"start":{"line":18,"column":53},"end":{"line":19,"column":6}}},"1":{"name":"(anonymous_3)","decl":{"start":{"line":21,"column":2},"end":{"line":21,"column":14}},"loc":{"start":{"line":21,"column":56},"end":{"line":65,"column":3}}},"2":{"name":"(anonymous_4)","decl":{"start":{"line":23,"column":60},"end":{"line":23,"column":61}},"loc":{"start":{"line":23,"column":65},"end":{"line":23,"column":75}}},"3":{"name":"(anonymous_5)","decl":{"start":{"line":31,"column":19},"end":{"line":31,"column":24}},"loc":{"start":{"line":31,"column":27},"end":{"line":35,"column":5}}},"4":{"name":"(anonymous_6)","decl":{"start":{"line":32,"column":35},"end":{"line":32,"column":39}},"loc":{"start":{"line":32,"column":42},"end":{"line":34,"column":7}}},"5":{"name":"(anonymous_7)","decl":{"start":{"line":37,"column":45},"end":{"line":37,"column":46}},"loc":{"start":{"line":37,"column":54},"end":{"line":41,"column":5}}},"6":{"name":"(anonymous_8)","decl":{"start":{"line":45,"column":52},"end":{"line":45,"column":56}},"loc":{"start":{"line":45,"column":59},"end":{"line":48,"column":5}}},"7":{"name":"(anonymous_9)","decl":{"start":{"line":57,"column":39},"end":{"line":57,"column":42}},"loc":{"start":{"line":57,"column":44},"end":{"line":64,"column":5}}},"8":{"name":"(anonymous_10)","decl":{"start":{"line":67,"column":2},"end":{"line":67,"column":13}},"loc":{"start":{"line":67,"column":13},"end":{"line":73,"column":3}}},"9":{"name":"(anonymous_11)","decl":{"start":{"line":75,"column":10},"end":{"line":75,"column":20}},"loc":{"start":{"line":75,"column":62},"end":{"line":94,"column":3}}},"10":{"name":"(anonymous_12)","decl":{"start":{"line":81,"column":60},"end":{"line":81,"column":61}},"loc":{"start":{"line":81,"column":65},"end":{"line":81,"column":75}}},"11":{"name":"(anonymous_13)","decl":{"start":{"line":84,"column":19},"end":{"line":84,"column":24}},"loc":{"start":{"line":84,"column":27},"end":{"line":90,"column":5}}},"12":{"name":"(anonymous_14)","decl":{"start":{"line":85,"column":50},"end":{"line":85,"column":51}},"loc":{"start":{"line":85,"column":55},"end":{"line":85,"column":77}}},"13":{"name":"(anonymous_15)","decl":{"start":{"line":96,"column":10},"end":{"line":96,"column":19}},"loc":{"start":{"line":96,"column":35},"end":{"line":99,"column":3}}},"14":{"name":"(anonymous_16)","decl":{"start":{"line":101,"column":2},"end":{"line":101,"column":11}},"loc":{"start":{"line":101,"column":11},"end":{"line":103,"column":3}}}},"branchMap":{"0":{"loc":{"start":{"line":25,"column":4},"end":{"line":27,"column":5}},"type":"if","locations":[{"start":{"line":25,"column":4},"end":{"line":27,"column":5}}]},"1":{"loc":{"start":{"line":50,"column":4},"end":{"line":52,"column":5}},"type":"if","locations":[{"start":{"line":50,"column":4},"end":{"line":52,"column":5}}]},"2":{"loc":{"start":{"line":59,"column":6},"end":{"line":62,"column":7}},"type":"if","locations":[{"start":{"line":59,"column":6},"end":{"line":62,"column":7}}]},"3":{"loc":{"start":{"line":68,"column":4},"end":{"line":71,"column":5}},"type":"if","locations":[{"start":{"line":68,"column":4},"end":{"line":71,"column":5}}]},"4":{"loc":{"start":{"line":76,"column":4},"end":{"line":78,"column":5}},"type":"if","locations":[{"start":{"line":76,"column":4},"end":{"line":78,"column":5}}]},"5":{"loc":{"start":{"line":86,"column":6},"end":{"line":89,"column":7}},"type":"if","locations":[{"start":{"line":86,"column":6},"end":{"line":89,"column":7}}]}},"s":{"0":0,"1":0,"2":0,"3":0,"4":0,"5":0,"6":0,"7":0,"8":0,"9":0,"10":0,"11":0,"12":0,"13":0,"14":0,"15":0,"16":0,"17":0,"18":0,"19":0,"20":0,"21":0,"22":0,"23":0,"24":0,"25":0,"26":0,"27":0,"28":0,"29":0,"30":0,"31":0,"32":0,"33":0,"34":0,"35":0,"36":0,"37":0,"38":0,"39":0,"40":0,"41":0,"42":0,"43":0,"44":0,"45":0,"46":0,"47":0,"48":0,"49":0,"50":0,"51":0,"52":0,"53":0,"54":0,"55":0,"56":0,"57":0,"58":0},"f":{"0":0,"1":0,"2":0,"3":0,"4":0,"5":0,"6":0,"7":0,"8":0,"9":0,"10":0,"11":0,"12":0,"13":0,"14":0},"b":{"0":[0],"1":[0],"2":[0],"3":[0],"4":[0],"5":[0]}}
}
