TN:
SF:src/app.controller.ts
FN:6,(anonymous_2)
FNF:1
FNH:0
FNDA:0,(anonymous_2)
DA:1,0
DA:4,0
DA:6,0
DA:7,0
LF:4
LH:0
BRF:0
BRH:0
end_of_record
TN:
SF:src/app.module.ts
FNF:0
FNH:0
DA:1,0
DA:2,0
DA:3,0
DA:4,0
DA:5,0
DA:6,0
DA:7,0
DA:8,0
DA:9,0
DA:10,0
DA:11,0
DA:18,0
LF:12
LH:0
BRF:0
BRH:0
end_of_record
TN:
SF:src/main.ts
FN:5,bootstrap
FNF:1
FNH:0
FNDA:0,bootstrap
DA:1,0
DA:2,0
DA:3,0
DA:6,0
DA:8,0
DA:13,0
DA:15,0
DA:16,0
DA:18,0
LF:9
LH:0
BRF:0
BRH:0
end_of_record
TN:
SF:src/brokers/brokers.controller.ts
FN:6,(anonymous_4)
FN:9,(anonymous_5)
FN:14,(anonymous_6)
FN:19,(anonymous_7)
FN:24,(anonymous_8)
FNF:5
FNH:5
FNDA:5,(anonymous_4)
FNDA:1,(anonymous_5)
FNDA:1,(anonymous_6)
FNDA:1,(anonymous_7)
FNDA:1,(anonymous_8)
DA:1,1
DA:2,1
DA:5,1
DA:6,5
DA:9,1
DA:10,1
DA:14,1
DA:15,1
DA:19,1
DA:20,1
DA:24,1
DA:25,1
DA:26,1
LF:13
LH:13
BRF:0
BRH:0
end_of_record
TN:
SF:src/brokers/brokers.service.ts
FN:15,(anonymous_11)
FN:19,(anonymous_12)
FN:29,(anonymous_13)
FN:34,(anonymous_14)
FN:44,(anonymous_15)
FN:56,(anonymous_16)
FN:58,(anonymous_17)
FN:73,(anonymous_18)
FN:75,(anonymous_19)
FN:82,(anonymous_20)
FNF:10
FNH:10
FNDA:10,(anonymous_11)
FNDA:20,(anonymous_12)
FNDA:14,(anonymous_13)
FNDA:5,(anonymous_14)
FNDA:7,(anonymous_15)
FNDA:2,(anonymous_16)
FNDA:1,(anonymous_17)
FNDA:2,(anonymous_18)
FNDA:1,(anonymous_19)
FNDA:9,(anonymous_20)
DA:1,2
DA:2,2
DA:3,2
DA:12,2
DA:13,10
DA:16,10
DA:20,20
DA:21,20
DA:22,0
DA:24,20
DA:25,10
DA:30,14
DA:31,14
DA:32,14
DA:34,14
DA:40,0
DA:45,7
DA:46,7
DA:51,7
DA:52,7
DA:53,7
DA:57,2
DA:58,2
DA:59,2
DA:61,1
DA:68,1
DA:69,1
DA:70,1
DA:74,2
DA:75,2
DA:76,2
DA:78,1
DA:79,1
DA:83,9
LF:34
LH:32
BRDA:21,0,0,0
BRDA:24,1,0,10
BRDA:36,2,0,5
BRDA:36,2,1,0
BRDA:37,3,0,5
BRDA:37,3,1,0
BRDA:47,4,0,7
BRDA:47,4,1,1
BRDA:48,5,0,6
BRDA:48,5,1,1
BRDA:59,6,0,1
BRDA:63,7,0,1
BRDA:63,7,1,1
BRDA:64,8,0,1
BRDA:64,8,1,1
BRDA:65,9,0,1
BRDA:65,9,1,0
BRDA:76,10,0,1
BRF:18
BRH:14
end_of_record
TN:
SF:src/exchange/exchange.controller.ts
FN:6,(anonymous_4)
FN:9,(anonymous_5)
FN:14,(anonymous_6)
FNF:3
FNH:0
FNDA:0,(anonymous_4)
FNDA:0,(anonymous_5)
FNDA:0,(anonymous_6)
DA:1,0
DA:2,0
DA:5,0
DA:6,0
DA:9,0
DA:10,0
DA:14,0
DA:15,0
LF:8
LH:0
BRF:0
BRH:0
end_of_record
TN:
SF:src/exchange/exchange.service.ts
FN:16,(anonymous_11)
FN:20,(anonymous_12)
FN:35,(anonymous_13)
FN:48,(anonymous_14)
FN:55,(anonymous_15)
FNF:5
FNH:5
FNDA:4,(anonymous_11)
FNDA:8,(anonymous_12)
FNDA:4,(anonymous_13)
FNDA:3,(anonymous_14)
FNDA:3,(anonymous_15)
DA:1,1
DA:2,1
DA:3,1
DA:13,1
DA:14,4
DA:17,4
DA:21,8
DA:22,8
DA:23,0
DA:25,8
DA:26,4
DA:31,4
DA:36,4
DA:37,4
DA:38,4
DA:40,0
DA:49,3
DA:50,3
DA:51,3
DA:52,3
DA:56,3
LF:21
LH:19
BRDA:22,0,0,0
BRDA:25,1,0,4
BRF:2
BRH:1
end_of_record
TN:
SF:src/stocks/stocks.controller.ts
FN:6,(anonymous_4)
FN:9,(anonymous_5)
FN:14,(anonymous_6)
FN:19,(anonymous_7)
FN:24,(anonymous_8)
FNF:5
FNH:0
FNDA:0,(anonymous_4)
FNDA:0,(anonymous_5)
FNDA:0,(anonymous_6)
FNDA:0,(anonymous_7)
FNDA:0,(anonymous_8)
DA:1,0
DA:2,0
DA:5,0
DA:6,0
DA:9,0
DA:10,0
DA:14,0
DA:15,0
DA:19,0
DA:20,0
DA:24,0
DA:25,0
LF:12
LH:0
BRF:0
BRH:0
end_of_record
TN:
SF:src/stocks/stocks.service.ts
FN:31,(anonymous_11)
FN:35,(anonymous_12)
FN:41,(anonymous_13)
FN:49,(anonymous_14)
FN:66,(anonymous_15)
FN:75,(anonymous_16)
FN:77,(anonymous_17)
FN:80,(anonymous_18)
FN:82,(anonymous_19)
FN:90,(anonymous_20)
FN:92,(anonymous_21)
FN:100,(anonymous_22)
FNF:12
FNH:10
FNDA:6,(anonymous_11)
FNDA:12,(anonymous_12)
FNDA:48,(anonymous_13)
FNDA:48,(anonymous_14)
FNDA:6,(anonymous_15)
FNDA:2,(anonymous_16)
FNDA:16,(anonymous_17)
FNDA:2,(anonymous_18)
FNDA:9,(anonymous_19)
FNDA:0,(anonymous_20)
FNDA:0,(anonymous_21)
FNDA:1,(anonymous_22)
DA:1,1
DA:2,1
DA:3,1
DA:18,1
DA:19,6
DA:20,6
DA:32,6
DA:36,12
DA:37,12
DA:38,0
DA:40,12
DA:41,48
DA:45,6
DA:50,48
DA:51,48
DA:52,48
DA:54,48
DA:55,35040
DA:56,35040
DA:57,35040
DA:58,35040
DA:63,48
DA:67,6
DA:68,6
DA:69,6
DA:71,0
DA:76,2
DA:77,16
DA:81,2
DA:82,9
DA:83,2
DA:85,1
DA:86,1
DA:87,1
DA:91,0
DA:92,0
DA:93,0
DA:95,0
DA:96,0
DA:97,0
DA:101,1
LF:41
LH:33
BRDA:37,0,0,0
BRDA:40,1,0,6
BRDA:77,2,0,2
BRDA:77,2,1,2
BRDA:83,3,0,1
BRDA:93,4,0,0
BRF:6
BRH:4
end_of_record
TN:
SF:src/trading/trading.controller.ts
FN:6,(anonymous_2)
FN:9,(anonymous_3)
FN:15,(anonymous_4)
FN:21,(anonymous_5)
FNF:4
FNH:0
FNDA:0,(anonymous_2)
FNDA:0,(anonymous_3)
FNDA:0,(anonymous_4)
FNDA:0,(anonymous_5)
DA:1,0
DA:2,0
DA:5,0
DA:6,0
DA:9,0
DA:10,0
DA:11,0
DA:15,0
DA:16,0
DA:17,0
DA:21,0
DA:22,0
LF:12
LH:0
BRF:0
BRH:0
end_of_record
TN:
SF:src/trading/trading.gateway.ts
FN:20,(anonymous_2)
FN:22,(anonymous_3)
FN:26,(anonymous_4)
FN:30,(anonymous_5)
FN:31,(anonymous_6)
FN:36,(anonymous_7)
FN:40,(anonymous_8)
FNF:7
FNH:0
FNDA:0,(anonymous_2)
FNDA:0,(anonymous_3)
FNDA:0,(anonymous_4)
FNDA:0,(anonymous_5)
FNDA:0,(anonymous_6)
FNDA:0,(anonymous_7)
FNDA:0,(anonymous_8)
DA:1,0
DA:7,0
DA:8,0
DA:16,0
DA:18,0
DA:20,0
DA:23,0
DA:27,0
DA:31,0
DA:32,0
DA:37,0
DA:41,0
LF:12
LH:0
BRF:0
BRH:0
end_of_record
TN:
SF:src/trading/trading.service.ts
FN:16,(anonymous_2)
FN:21,(anonymous_3)
FN:23,(anonymous_4)
FN:31,(anonymous_5)
FN:32,(anonymous_6)
FN:37,(anonymous_7)
FN:45,(anonymous_8)
FN:57,(anonymous_9)
FN:67,(anonymous_10)
FN:75,(anonymous_11)
FN:81,(anonymous_12)
FN:84,(anonymous_13)
FN:85,(anonymous_14)
FN:96,(anonymous_15)
FN:101,(anonymous_16)
FNF:15
FNH:0
FNDA:0,(anonymous_2)
FNDA:0,(anonymous_3)
FNDA:0,(anonymous_4)
FNDA:0,(anonymous_5)
FNDA:0,(anonymous_6)
FNDA:0,(anonymous_7)
FNDA:0,(anonymous_8)
FNDA:0,(anonymous_9)
FNDA:0,(anonymous_10)
FNDA:0,(anonymous_11)
FNDA:0,(anonymous_12)
FNDA:0,(anonymous_13)
FNDA:0,(anonymous_14)
FNDA:0,(anonymous_15)
FNDA:0,(anonymous_16)
DA:1,0
DA:2,0
DA:3,0
DA:11,0
DA:12,0
DA:13,0
DA:14,0
DA:17,0
DA:18,0
DA:22,0
DA:23,0
DA:25,0
DA:26,0
DA:30,0
DA:31,0
DA:32,0
DA:33,0
DA:37,0
DA:38,0
DA:39,0
DA:40,0
DA:44,0
DA:45,0
DA:46,0
DA:47,0
DA:50,0
DA:51,0
DA:54,0
DA:55,0
DA:57,0
DA:58,0
DA:59,0
DA:60,0
DA:61,0
DA:63,0
DA:68,0
DA:69,0
DA:70,0
DA:72,0
DA:76,0
DA:77,0
DA:80,0
DA:81,0
DA:82,0
DA:84,0
DA:85,0
DA:86,0
DA:87,0
DA:88,0
DA:92,0
DA:93,0
DA:97,0
DA:98,0
DA:102,0
LF:54
LH:0
BRDA:25,0,0,0
BRDA:50,1,0,0
BRDA:59,2,0,0
BRDA:68,3,0,0
BRDA:76,4,0,0
BRDA:86,5,0,0
BRF:6
BRH:0
end_of_record
